----------------------------------------------------------------
Mon Feb 14 16:51:22 IST 2022:
Booting Derby version The Apache Software Foundation - Apache Derby - 10.14.2.0 - (1828579): instance a816c00e-017e-f7f7-3923-000007c48460 
on database directory memory:/Users/krishnateja/Git_Hub_Projects/Java PlayGround/spring-and-springboot/course-api-data/093f72d1-1ad7-4bda-a0c0-2e94242f6e43 with class loader jdk.internal.loader.ClassLoaders$AppClassLoader@277050dc 
Loaded from file:/Users/krishnateja/.m2/repository/org/apache/derby/derby/10.14.2.0/derby-10.14.2.0.jar
java.vendor=Oracle Corporation
java.runtime.version=11.0.11+9-LTS-194
user.dir=/Users/krishnateja/Git_Hub_Projects/Java PlayGround/spring-and-springboot/course-api-data
os.name=Mac OS X
os.arch=x86_64
os.version=10.15.7
derby.system.home=null
Database Class Loader started - derby.database.classpath=''
----------------------------------------------------------------
Mon Feb 14 16:51:41 IST 2022:
Shutting down instance a816c00e-017e-f7f7-3923-000007c48460 on database directory memory:/Users/krishnateja/Git_Hub_Projects/Java PlayGround/spring-and-springboot/course-api-data/093f72d1-1ad7-4bda-a0c0-2e94242f6e43 with class loader jdk.internal.loader.ClassLoaders$AppClassLoader@277050dc 
----------------------------------------------------------------
Mon Feb 14 16:51:42 IST 2022:
Booting Derby version The Apache Software Foundation - Apache Derby - 10.14.2.0 - (1828579): instance 52da80c5-017e-f7f7-3923-000007c48460 
on database directory memory:/Users/krishnateja/Git_Hub_Projects/Java PlayGround/spring-and-springboot/course-api-data/bee4d5be-33d7-4a39-98f8-860e83bbe605 with class loader jdk.internal.loader.ClassLoaders$AppClassLoader@277050dc 
Loaded from file:/Users/krishnateja/.m2/repository/org/apache/derby/derby/10.14.2.0/derby-10.14.2.0.jar
java.vendor=Oracle Corporation
java.runtime.version=11.0.11+9-LTS-194
user.dir=/Users/krishnateja/Git_Hub_Projects/Java PlayGround/spring-and-springboot/course-api-data
os.name=Mac OS X
os.arch=x86_64
os.version=10.15.7
derby.system.home=null
Database Class Loader started - derby.database.classpath=''
----------------------------------------------------------------
Mon Feb 14 16:51:46 IST 2022:
Shutting down instance 52da80c5-017e-f7f7-3923-000007c48460 on database directory memory:/Users/krishnateja/Git_Hub_Projects/Java PlayGround/spring-and-springboot/course-api-data/bee4d5be-33d7-4a39-98f8-860e83bbe605 with class loader jdk.internal.loader.ClassLoaders$AppClassLoader@277050dc 
----------------------------------------------------------------
Mon Feb 14 16:51:47 IST 2022:
Booting Derby version The Apache Software Foundation - Apache Derby - 10.14.2.0 - (1828579): instance 5e52817c-017e-f7f7-3923-000007c48460 
on database directory memory:/Users/krishnateja/Git_Hub_Projects/Java PlayGround/spring-and-springboot/course-api-data/336dbb22-afb1-4249-9990-2a1a72cbffcc with class loader jdk.internal.loader.ClassLoaders$AppClassLoader@277050dc 
Loaded from file:/Users/krishnateja/.m2/repository/org/apache/derby/derby/10.14.2.0/derby-10.14.2.0.jar
java.vendor=Oracle Corporation
java.runtime.version=11.0.11+9-LTS-194
user.dir=/Users/krishnateja/Git_Hub_Projects/Java PlayGround/spring-and-springboot/course-api-data
os.name=Mac OS X
os.arch=x86_64
os.version=10.15.7
derby.system.home=null
Database Class Loader started - derby.database.classpath=''
----------------------------------------------------------------
Mon Feb 14 16:52:09 IST 2022:
Shutting down instance 5e52817c-017e-f7f7-3923-000007c48460 on database directory memory:/Users/krishnateja/Git_Hub_Projects/Java PlayGround/spring-and-springboot/course-api-data/336dbb22-afb1-4249-9990-2a1a72cbffcc with class loader jdk.internal.loader.ClassLoaders$AppClassLoader@277050dc 
----------------------------------------------------------------
Mon Feb 14 16:52:09 IST 2022:
Booting Derby version The Apache Software Foundation - Apache Derby - 10.14.2.0 - (1828579): instance 3a7ec233-017e-f7f7-3923-000007c48460 
on database directory memory:/Users/krishnateja/Git_Hub_Projects/Java PlayGround/spring-and-springboot/course-api-data/eee43039-e408-49ae-a7da-7dd2fc7c3c89 with class loader jdk.internal.loader.ClassLoaders$AppClassLoader@277050dc 
Loaded from file:/Users/krishnateja/.m2/repository/org/apache/derby/derby/10.14.2.0/derby-10.14.2.0.jar
java.vendor=Oracle Corporation
java.runtime.version=11.0.11+9-LTS-194
user.dir=/Users/krishnateja/Git_Hub_Projects/Java PlayGround/spring-and-springboot/course-api-data
os.name=Mac OS X
os.arch=x86_64
os.version=10.15.7
derby.system.home=null
Database Class Loader started - derby.database.classpath=''
----------------------------------------------------------------
Mon Feb 14 16:52:11 IST 2022:
Shutting down instance 3a7ec233-017e-f7f7-3923-000007c48460 on database directory memory:/Users/krishnateja/Git_Hub_Projects/Java PlayGround/spring-and-springboot/course-api-data/eee43039-e408-49ae-a7da-7dd2fc7c3c89 with class loader jdk.internal.loader.ClassLoaders$AppClassLoader@277050dc 
----------------------------------------------------------------
Mon Feb 14 16:52:12 IST 2022:
Booting Derby version The Apache Software Foundation - Apache Derby - 10.14.2.0 - (1828579): instance 575f42ea-017e-f7f7-3923-000007c48460 
on database directory memory:/Users/krishnateja/Git_Hub_Projects/Java PlayGround/spring-and-springboot/course-api-data/b353bf89-e112-4fd4-aad5-649ffa4bb015 with class loader jdk.internal.loader.ClassLoaders$AppClassLoader@277050dc 
Loaded from file:/Users/krishnateja/.m2/repository/org/apache/derby/derby/10.14.2.0/derby-10.14.2.0.jar
java.vendor=Oracle Corporation
java.runtime.version=11.0.11+9-LTS-194
user.dir=/Users/krishnateja/Git_Hub_Projects/Java PlayGround/spring-and-springboot/course-api-data
os.name=Mac OS X
os.arch=x86_64
os.version=10.15.7
derby.system.home=null
Database Class Loader started - derby.database.classpath=''
----------------------------------------------------------------
Mon Feb 14 16:52:32 IST 2022:
Shutting down instance 575f42ea-017e-f7f7-3923-000007c48460 on database directory memory:/Users/krishnateja/Git_Hub_Projects/Java PlayGround/spring-and-springboot/course-api-data/b353bf89-e112-4fd4-aad5-649ffa4bb015 with class loader jdk.internal.loader.ClassLoaders$AppClassLoader@277050dc 
----------------------------------------------------------------
Mon Feb 14 16:52:33 IST 2022:
Booting Derby version The Apache Software Foundation - Apache Derby - 10.14.2.0 - (1828579): instance 24f403a1-017e-f7f7-3923-000007c48460 
on database directory memory:/Users/krishnateja/Git_Hub_Projects/Java PlayGround/spring-and-springboot/course-api-data/0850872f-f34f-4fdb-ad34-291a7464ca97 with class loader jdk.internal.loader.ClassLoaders$AppClassLoader@277050dc 
Loaded from file:/Users/krishnateja/.m2/repository/org/apache/derby/derby/10.14.2.0/derby-10.14.2.0.jar
java.vendor=Oracle Corporation
java.runtime.version=11.0.11+9-LTS-194
user.dir=/Users/krishnateja/Git_Hub_Projects/Java PlayGround/spring-and-springboot/course-api-data
os.name=Mac OS X
os.arch=x86_64
os.version=10.15.7
derby.system.home=null
Database Class Loader started - derby.database.classpath=''
----------------------------------------------------------------
Mon Feb 14 16:55:27 IST 2022:
Shutting down instance 24f403a1-017e-f7f7-3923-000007c48460 on database directory memory:/Users/krishnateja/Git_Hub_Projects/Java PlayGround/spring-and-springboot/course-api-data/0850872f-f34f-4fdb-ad34-291a7464ca97 with class loader jdk.internal.loader.ClassLoaders$AppClassLoader@277050dc 
----------------------------------------------------------------
Mon Feb 14 16:55:28 IST 2022:
Booting Derby version The Apache Software Foundation - Apache Derby - 10.14.2.0 - (1828579): instance 133d0458-017e-f7f7-3923-000007c48460 
on database directory memory:/Users/krishnateja/Git_Hub_Projects/Java PlayGround/spring-and-springboot/course-api-data/82edfa24-18b3-4a0a-a845-cd980341139d with class loader jdk.internal.loader.ClassLoaders$AppClassLoader@277050dc 
Loaded from file:/Users/krishnateja/.m2/repository/org/apache/derby/derby/10.14.2.0/derby-10.14.2.0.jar
java.vendor=Oracle Corporation
java.runtime.version=11.0.11+9-LTS-194
user.dir=/Users/krishnateja/Git_Hub_Projects/Java PlayGround/spring-and-springboot/course-api-data
os.name=Mac OS X
os.arch=x86_64
os.version=10.15.7
derby.system.home=null
Database Class Loader started - derby.database.classpath=''
----------------------------------------------------------------
Mon Feb 14 16:58:32 IST 2022:
Shutting down instance 133d0458-017e-f7f7-3923-000007c48460 on database directory memory:/Users/krishnateja/Git_Hub_Projects/Java PlayGround/spring-and-springboot/course-api-data/82edfa24-18b3-4a0a-a845-cd980341139d with class loader jdk.internal.loader.ClassLoaders$AppClassLoader@277050dc 
----------------------------------------------------------------
Mon Feb 14 16:58:33 IST 2022:
Booting Derby version The Apache Software Foundation - Apache Derby - 10.14.2.0 - (1828579): instance 923a450f-017e-f7f7-3923-000007c48460 
on database directory memory:/Users/krishnateja/Git_Hub_Projects/Java PlayGround/spring-and-springboot/course-api-data/122f58c9-d20f-4c9a-94e3-a02d7316dc3f with class loader jdk.internal.loader.ClassLoaders$AppClassLoader@277050dc 
Loaded from file:/Users/krishnateja/.m2/repository/org/apache/derby/derby/10.14.2.0/derby-10.14.2.0.jar
java.vendor=Oracle Corporation
java.runtime.version=11.0.11+9-LTS-194
user.dir=/Users/krishnateja/Git_Hub_Projects/Java PlayGround/spring-and-springboot/course-api-data
os.name=Mac OS X
os.arch=x86_64
os.version=10.15.7
derby.system.home=null
Database Class Loader started - derby.database.classpath=''
----------------------------------------------------------------
Mon Feb 14 16:59:07 IST 2022:
Shutting down instance 923a450f-017e-f7f7-3923-000007c48460 on database directory memory:/Users/krishnateja/Git_Hub_Projects/Java PlayGround/spring-and-springboot/course-api-data/122f58c9-d20f-4c9a-94e3-a02d7316dc3f with class loader jdk.internal.loader.ClassLoaders$AppClassLoader@277050dc 
----------------------------------------------------------------
Mon Feb 14 16:59:07 IST 2022:
Booting Derby version The Apache Software Foundation - Apache Derby - 10.14.2.0 - (1828579): instance 11ebc5c6-017e-f7f7-3923-000007c48460 
on database directory memory:/Users/krishnateja/Git_Hub_Projects/Java PlayGround/spring-and-springboot/course-api-data/e58844cd-e304-4912-ab73-ab2d4b5b37f6 with class loader jdk.internal.loader.ClassLoaders$AppClassLoader@277050dc 
Loaded from file:/Users/krishnateja/.m2/repository/org/apache/derby/derby/10.14.2.0/derby-10.14.2.0.jar
java.vendor=Oracle Corporation
java.runtime.version=11.0.11+9-LTS-194
user.dir=/Users/krishnateja/Git_Hub_Projects/Java PlayGround/spring-and-springboot/course-api-data
os.name=Mac OS X
os.arch=x86_64
os.version=10.15.7
derby.system.home=null
Database Class Loader started - derby.database.classpath=''
----------------------------------------------------------------
Mon Feb 14 16:59:35 IST 2022:
Shutting down instance 11ebc5c6-017e-f7f7-3923-000007c48460 on database directory memory:/Users/krishnateja/Git_Hub_Projects/Java PlayGround/spring-and-springboot/course-api-data/e58844cd-e304-4912-ab73-ab2d4b5b37f6 with class loader jdk.internal.loader.ClassLoaders$AppClassLoader@277050dc 
----------------------------------------------------------------
Mon Feb 14 16:59:36 IST 2022:
Booting Derby version The Apache Software Foundation - Apache Derby - 10.14.2.0 - (1828579): instance 0251867d-017e-f7f7-3923-000007c48460 
on database directory memory:/Users/krishnateja/Git_Hub_Projects/Java PlayGround/spring-and-springboot/course-api-data/6dac4703-a295-4aff-bd01-099516ec65ef with class loader jdk.internal.loader.ClassLoaders$AppClassLoader@277050dc 
Loaded from file:/Users/krishnateja/.m2/repository/org/apache/derby/derby/10.14.2.0/derby-10.14.2.0.jar
java.vendor=Oracle Corporation
java.runtime.version=11.0.11+9-LTS-194
user.dir=/Users/krishnateja/Git_Hub_Projects/Java PlayGround/spring-and-springboot/course-api-data
os.name=Mac OS X
os.arch=x86_64
os.version=10.15.7
derby.system.home=null
Database Class Loader started - derby.database.classpath=''
----------------------------------------------------------------
Mon Feb 14 17:22:04 IST 2022:
Shutting down instance 0251867d-017e-f7f7-3923-000007c48460 on database directory memory:/Users/krishnateja/Git_Hub_Projects/Java PlayGround/spring-and-springboot/course-api-data/6dac4703-a295-4aff-bd01-099516ec65ef with class loader jdk.internal.loader.ClassLoaders$AppClassLoader@277050dc 
----------------------------------------------------------------
Mon Feb 14 17:22:04 IST 2022:
Booting Derby version The Apache Software Foundation - Apache Derby - 10.14.2.0 - (1828579): instance 125b0768-017e-f7f7-3923-000007c48460 
on database directory memory:/Users/krishnateja/Git_Hub_Projects/Java PlayGround/spring-and-springboot/course-api-data/b833947f-1d1f-4390-9caf-8796c60ebc24 with class loader jdk.internal.loader.ClassLoaders$AppClassLoader@277050dc 
Loaded from file:/Users/krishnateja/.m2/repository/org/apache/derby/derby/10.14.2.0/derby-10.14.2.0.jar
java.vendor=Oracle Corporation
java.runtime.version=11.0.11+9-LTS-194
user.dir=/Users/krishnateja/Git_Hub_Projects/Java PlayGround/spring-and-springboot/course-api-data
os.name=Mac OS X
os.arch=x86_64
os.version=10.15.7
derby.system.home=null
Database Class Loader started - derby.database.classpath=''
----------------------------------------------------------------
Mon Feb 14 17:22:08 IST 2022:
Shutting down instance 125b0768-017e-f7f7-3923-000007c48460 on database directory memory:/Users/krishnateja/Git_Hub_Projects/Java PlayGround/spring-and-springboot/course-api-data/b833947f-1d1f-4390-9caf-8796c60ebc24 with class loader jdk.internal.loader.ClassLoaders$AppClassLoader@277050dc 
----------------------------------------------------------------
Mon Feb 14 17:22:09 IST 2022:
Booting Derby version The Apache Software Foundation - Apache Derby - 10.14.2.0 - (1828579): instance 9d74481f-017e-f7f7-3923-000007c48460 
on database directory memory:/Users/krishnateja/Git_Hub_Projects/Java PlayGround/spring-and-springboot/course-api-data/389e87f7-57dd-4d92-ac86-481ffc6a9cbc with class loader jdk.internal.loader.ClassLoaders$AppClassLoader@277050dc 
Loaded from file:/Users/krishnateja/.m2/repository/org/apache/derby/derby/10.14.2.0/derby-10.14.2.0.jar
java.vendor=Oracle Corporation
java.runtime.version=11.0.11+9-LTS-194
user.dir=/Users/krishnateja/Git_Hub_Projects/Java PlayGround/spring-and-springboot/course-api-data
os.name=Mac OS X
os.arch=x86_64
os.version=10.15.7
derby.system.home=null
Database Class Loader started - derby.database.classpath=''
----------------------------------------------------------------
Mon Feb 14 17:25:21 IST 2022:
Shutting down instance 9d74481f-017e-f7f7-3923-000007c48460 on database directory memory:/Users/krishnateja/Git_Hub_Projects/Java PlayGround/spring-and-springboot/course-api-data/389e87f7-57dd-4d92-ac86-481ffc6a9cbc with class loader jdk.internal.loader.ClassLoaders$AppClassLoader@277050dc 
----------------------------------------------------------------
Mon Feb 14 17:25:22 IST 2022:
Booting Derby version The Apache Software Foundation - Apache Derby - 10.14.2.0 - (1828579): instance 2941c8d6-017e-f7f7-3923-000007c48460 
on database directory memory:/Users/krishnateja/Git_Hub_Projects/Java PlayGround/spring-and-springboot/course-api-data/da3c274b-0a55-42a4-96e0-c8fb3d477c8f with class loader jdk.internal.loader.ClassLoaders$AppClassLoader@277050dc 
Loaded from file:/Users/krishnateja/.m2/repository/org/apache/derby/derby/10.14.2.0/derby-10.14.2.0.jar
java.vendor=Oracle Corporation
java.runtime.version=11.0.11+9-LTS-194
user.dir=/Users/krishnateja/Git_Hub_Projects/Java PlayGround/spring-and-springboot/course-api-data
os.name=Mac OS X
os.arch=x86_64
os.version=10.15.7
derby.system.home=null
Database Class Loader started - derby.database.classpath=''
----------------------------------------------------------------
Mon Feb 14 18:35:07 IST 2022:
Shutting down instance 2941c8d6-017e-f7f7-3923-000007c48460 on database directory memory:/Users/krishnateja/Git_Hub_Projects/Java PlayGround/spring-and-springboot/course-api-data/da3c274b-0a55-42a4-96e0-c8fb3d477c8f with class loader jdk.internal.loader.ClassLoaders$AppClassLoader@277050dc 
